{"timestamp":"2026-06-02T10:02:07.246Z","level":"INFO","method":"GET","endpoint":"/api/v1/certificates","statusCode":200,"responseTimeMs":94.25,"ip":"::1","userAgent":"PostmanRuntime/7.54.0"}
{"timestamp":"2026-06-02T10:06:15.941Z","level":"INFO","method":"POST","endpoint":"/api/v1/certificates","statusCode":201,"responseTimeMs":3949.27,"ip":"::1","userAgent":"PostmanRuntime/7.54.0"}
{"timestamp":"2026-06-02T10:07:44.358Z","level":"INFO","method":"POST","endpoint":"/api/v1/certificates","statusCode":201,"responseTimeMs":4346.41,"ip":"::1","userAgent":"PostmanRuntime/7.54.0"}
{"timestamp":"2026-06-02T10:08:40.015Z","level":"INFO","method":"POST","endpoint":"/api/v1/certificates","statusCode":201,"responseTimeMs":7898.17,"ip":"::1","userAgent":"PostmanRuntime/7.54.0"}
{"timestamp":"2026-06-02T10:09:17.868Z","level":"INFO","method":"POST","endpoint":"/api/v1/certificates","statusCode":201,"responseTimeMs":3314.51,"ip":"::1","userAgent":"PostmanRuntime/7.54.0"}
{"timestamp":"2026-06-02T10:09:44.928Z","level":"INFO","method":"GET","endpoint":"/api/v1/certificates","statusCode":200,"responseTimeMs":92.81,"ip":"::1","userAgent":"PostmanRuntime/7.54.0"}
{"timestamp":"2026-06-02T10:10:39.679Z","level":"INFO","method":"DELETE","endpoint":"/api/v1/certificates/cfcb7ad8-c4c7-4517-8d23-fd18cd1cdac7","statusCode":200,"responseTimeMs":3329.55,"ip":"::1","userAgent":"PostmanRuntime/7.54.0"}
{"timestamp":"2026-06-02T10:11:36.687Z","level":"INFO","method":"GET","endpoint":"/api/v1/certificates","statusCode":200,"responseTimeMs":37.24,"ip":"::1","userAgent":"PostmanRuntime/7.54.0"}
{"timestamp":"2026-06-02T10:11:56.459Z","level":"INFO","method":"DELETE","endpoint":"/api/v1/certificates/c0faa41d-dcf8-4d43-b49a-4e5398dee887","statusCode":200,"responseTimeMs":54.92,"ip":"::1","userAgent":"PostmanRuntime/7.54.0"}
{"timestamp":"2026-06-02T10:12:09.180Z","level":"INFO","method":"GET","endpoint":"/api/v1/certificates","statusCode":200,"responseTimeMs":35.96,"ip":"::1","userAgent":"PostmanRuntime/7.54.0"}
{"timestamp":"2026-06-02T10:12:22.343Z","level":"INFO","method":"DELETE","endpoint":"/api/v1/certificates/08e4ad42-78c4-4d8f-a040-4b33aa36909b","statusCode":200,"responseTimeMs":1550.09,"ip":"::1","userAgent":"PostmanRuntime/7.54.0"}
{"timestamp":"2026-06-02T10:12:32.240Z","level":"INFO","method":"GET","endpoint":"/api/v1/certificates","statusCode":200,"responseTimeMs":17.28,"ip":"::1","userAgent":"PostmanRuntime/7.54.0"}
{"timestamp":"2026-06-02T10:13:14.226Z","level":"INFO","method":"GET","endpoint":"/api/v1/certificates","statusCode":200,"responseTimeMs":81.28,"ip":"::1","userAgent":"PostmanRuntime/7.54.0"}
{"timestamp":"2026-06-02T10:13:25.064Z","level":"INFO","method":"DELETE","endpoint":"/api/v1/certificates/abacecd0-1567-4279-8009-4c7b0c142e7e","statusCode":200,"responseTimeMs":90.49,"ip":"::1","userAgent":"PostmanRuntime/7.54.0"}
{"timestamp":"2026-06-02T10:13:55.991Z","level":"INFO","method":"POST","endpoint":"/api/v1/certificates","statusCode":201,"responseTimeMs":3959.8,"ip":"::1","userAgent":"PostmanRuntime/7.54.0"}
{"timestamp":"2026-06-02T10:14:11.326Z","level":"INFO","method":"DELETE","endpoint":"/api/v1/certificates/85e024bb-5535-4af2-8258-51188d40f2e5","statusCode":200,"responseTimeMs":1866.32,"ip":"::1","userAgent":"PostmanRuntime/7.54.0"}
{"timestamp":"2026-06-02T10:14:26.447Z","level":"INFO","method":"POST","endpoint":"/api/v1/certificates","statusCode":201,"responseTimeMs":4686.5,"ip":"::1","userAgent":"PostmanRuntime/7.54.0"}
{"timestamp":"2026-06-02T10:15:17.436Z","level":"INFO","method":"GET","endpoint":"/api/v1/certificates","statusCode":200,"responseTimeMs":35.24,"ip":"::1","userAgent":"PostmanRuntime/7.54.0"}
{"timestamp":"2026-06-02T10:15:49.853Z","level":"INFO","method":"PUT","endpoint":"/api/v1/certificates/6dd88ec2-3478-4e2e-9b46-4a82bfcdc6c7","statusCode":200,"responseTimeMs":4155.71,"ip":"::1","userAgent":"PostmanRuntime/7.54.0"}
{"timestamp":"2026-06-02T10:16:15.234Z","level":"INFO","method":"GET","endpoint":"/api/v1/certificates","statusCode":200,"responseTimeMs":40.69,"ip":"::1","userAgent":"PostmanRuntime/7.54.0"}
{"timestamp":"2026-06-02T10:16:23.362Z","level":"INFO","method":"POST","endpoint":"/api/v1/certificates","statusCode":201,"responseTimeMs":2754.52,"ip":"::1","userAgent":"PostmanRuntime/7.54.0"}
{"timestamp":"2026-06-02T10:16:28.071Z","level":"INFO","method":"GET","endpoint":"/api/v1/certificates","statusCode":200,"responseTimeMs":2.34,"ip":"::1","userAgent":"PostmanRuntime/7.54.0"}
{"timestamp":"2026-06-02T10:44:10.128Z","level":"INFO","method":"GET","endpoint":"/api/v1/projects","statusCode":200,"responseTimeMs":125.19,"ip":"::1","userAgent":"PostmanRuntime/7.54.0"}
{"timestamp":"2026-06-02T10:44:50.201Z","level":"INFO","method":"GET","endpoint":"/api/v1/projects?isPublished&=true","statusCode":200,"responseTimeMs":79.92,"ip":"::1","userAgent":"PostmanRuntime/7.54.0"}
{"timestamp":"2026-06-02T10:45:00.198Z","level":"INFO","method":"GET","endpoint":"/api/v1/projects?isPublished=true&=true","statusCode":200,"responseTimeMs":40.66,"ip":"::1","userAgent":"PostmanRuntime/7.54.0"}
{"timestamp":"2026-06-02T10:45:48.165Z","level":"INFO","method":"GET","endpoint":"/api/v1/projects","statusCode":200,"responseTimeMs":185.42,"ip":"::1","userAgent":"PostmanRuntime/7.54.0"}
{"timestamp":"2026-06-02T10:46:19.347Z","level":"INFO","method":"GET","endpoint":"/api/v1/projects?isPublished=true&categoryId","statusCode":200,"responseTimeMs":72.13,"ip":"::1","userAgent":"PostmanRuntime/7.54.0"}
{"timestamp":"2026-06-02T10:46:41.410Z","level":"INFO","method":"GET","endpoint":"/api/v1/projects?isPublished=true&categoryId=44887dwewe","statusCode":200,"responseTimeMs":108.13,"ip":"::1","userAgent":"PostmanRuntime/7.54.0"}
